Determining if the Q_WS_WIN exist failed with the following output:
Change Dir: /home/user/langage_avance/Projet_IN505/build/CMakeFiles/CMakeTmp

Run Build Command:"/usr/bin/make" "cmTC_02073/fast"
/usr/bin/make -f CMakeFiles/cmTC_02073.dir/build.make CMakeFiles/cmTC_02073.dir/build
make[1] : on entre dans le répertoire « /home/user/langage_avance/Projet_IN505/build/CMakeFiles/CMakeTmp »
Building CXX object CMakeFiles/cmTC_02073.dir/CheckSymbolExists.cxx.o
/usr/bin/c++   -I/usr/include/qt4   -o CMakeFiles/cmTC_02073.dir/CheckSymbolExists.cxx.o -c /home/user/langage_avance/Projet_IN505/build/CMakeFiles/CMakeTmp/CheckSymbolExists.cxx
/home/user/langage_avance/Projet_IN505/build/CMakeFiles/CMakeTmp/CheckSymbolExists.cxx: In function ‘int main(int, char**)’:
/home/user/langage_avance/Projet_IN505/build/CMakeFiles/CMakeTmp/CheckSymbolExists.cxx:8:19: error: ‘Q_WS_WIN’ was not declared in this scope
   return ((int*)(&Q_WS_WIN))[argc];
                   ^~~~~~~~
/home/user/langage_avance/Projet_IN505/build/CMakeFiles/CMakeTmp/CheckSymbolExists.cxx:8:19: note: suggested alternative: ‘Q_WS_X11’
   return ((int*)(&Q_WS_WIN))[argc];
                   ^~~~~~~~
                   Q_WS_X11
CMakeFiles/cmTC_02073.dir/build.make:65 : la recette pour la cible « CMakeFiles/cmTC_02073.dir/CheckSymbolExists.cxx.o » a échouée
make[1]: *** [CMakeFiles/cmTC_02073.dir/CheckSymbolExists.cxx.o] Erreur 1
make[1] : on quitte le répertoire « /home/user/langage_avance/Projet_IN505/build/CMakeFiles/CMakeTmp »
Makefile:126 : la recette pour la cible « cmTC_02073/fast » a échouée
make: *** [cmTC_02073/fast] Erreur 2

File /home/user/langage_avance/Projet_IN505/build/CMakeFiles/CMakeTmp/CheckSymbolExists.cxx:
/* */
#include <QtCore/qglobal.h>

int main(int argc, char** argv)
{
  (void)argv;
#ifndef Q_WS_WIN
  return ((int*)(&Q_WS_WIN))[argc];
#else
  (void)argc;
  return 0;
#endif
}

Determining if the Q_WS_QWS exist failed with the following output:
Change Dir: /home/user/langage_avance/Projet_IN505/build/CMakeFiles/CMakeTmp

Run Build Command:"/usr/bin/make" "cmTC_0d270/fast"
/usr/bin/make -f CMakeFiles/cmTC_0d270.dir/build.make CMakeFiles/cmTC_0d270.dir/build
make[1] : on entre dans le répertoire « /home/user/langage_avance/Projet_IN505/build/CMakeFiles/CMakeTmp »
Building CXX object CMakeFiles/cmTC_0d270.dir/CheckSymbolExists.cxx.o
/usr/bin/c++   -I/usr/include/qt4   -o CMakeFiles/cmTC_0d270.dir/CheckSymbolExists.cxx.o -c /home/user/langage_avance/Projet_IN505/build/CMakeFiles/CMakeTmp/CheckSymbolExists.cxx
/home/user/langage_avance/Projet_IN505/build/CMakeFiles/CMakeTmp/CheckSymbolExists.cxx: In function ‘int main(int, char**)’:
/home/user/langage_avance/Projet_IN505/build/CMakeFiles/CMakeTmp/CheckSymbolExists.cxx:8:19: error: ‘Q_WS_QWS’ was not declared in this scope
   return ((int*)(&Q_WS_QWS))[argc];
                   ^~~~~~~~
/home/user/langage_avance/Projet_IN505/build/CMakeFiles/CMakeTmp/CheckSymbolExists.cxx:8:19: note: suggested alternative: ‘Q_WS_X11’
   return ((int*)(&Q_WS_QWS))[argc];
                   ^~~~~~~~
                   Q_WS_X11
CMakeFiles/cmTC_0d270.dir/build.make:65 : la recette pour la cible « CMakeFiles/cmTC_0d270.dir/CheckSymbolExists.cxx.o » a échouée
make[1]: *** [CMakeFiles/cmTC_0d270.dir/CheckSymbolExists.cxx.o] Erreur 1
make[1] : on quitte le répertoire « /home/user/langage_avance/Projet_IN505/build/CMakeFiles/CMakeTmp »
Makefile:126 : la recette pour la cible « cmTC_0d270/fast » a échouée
make: *** [cmTC_0d270/fast] Erreur 2

File /home/user/langage_avance/Projet_IN505/build/CMakeFiles/CMakeTmp/CheckSymbolExists.cxx:
/* */
#include <QtCore/qglobal.h>

int main(int argc, char** argv)
{
  (void)argv;
#ifndef Q_WS_QWS
  return ((int*)(&Q_WS_QWS))[argc];
#else
  (void)argc;
  return 0;
#endif
}

Determining if the Q_WS_MAC exist failed with the following output:
Change Dir: /home/user/langage_avance/Projet_IN505/build/CMakeFiles/CMakeTmp

Run Build Command:"/usr/bin/make" "cmTC_23ae5/fast"
/usr/bin/make -f CMakeFiles/cmTC_23ae5.dir/build.make CMakeFiles/cmTC_23ae5.dir/build
make[1] : on entre dans le répertoire « /home/user/langage_avance/Projet_IN505/build/CMakeFiles/CMakeTmp »
Building CXX object CMakeFiles/cmTC_23ae5.dir/CheckSymbolExists.cxx.o
/usr/bin/c++   -I/usr/include/qt4   -o CMakeFiles/cmTC_23ae5.dir/CheckSymbolExists.cxx.o -c /home/user/langage_avance/Projet_IN505/build/CMakeFiles/CMakeTmp/CheckSymbolExists.cxx
/home/user/langage_avance/Projet_IN505/build/CMakeFiles/CMakeTmp/CheckSymbolExists.cxx: In function ‘int main(int, char**)’:
/home/user/langage_avance/Projet_IN505/build/CMakeFiles/CMakeTmp/CheckSymbolExists.cxx:8:19: error: ‘Q_WS_MAC’ was not declared in this scope
   return ((int*)(&Q_WS_MAC))[argc];
                   ^~~~~~~~
/home/user/langage_avance/Projet_IN505/build/CMakeFiles/CMakeTmp/CheckSymbolExists.cxx:8:19: note: suggested alternative: ‘Q_WS_X11’
   return ((int*)(&Q_WS_MAC))[argc];
                   ^~~~~~~~
                   Q_WS_X11
CMakeFiles/cmTC_23ae5.dir/build.make:65 : la recette pour la cible « CMakeFiles/cmTC_23ae5.dir/CheckSymbolExists.cxx.o » a échouée
make[1]: *** [CMakeFiles/cmTC_23ae5.dir/CheckSymbolExists.cxx.o] Erreur 1
make[1] : on quitte le répertoire « /home/user/langage_avance/Projet_IN505/build/CMakeFiles/CMakeTmp »
Makefile:126 : la recette pour la cible « cmTC_23ae5/fast » a échouée
make: *** [cmTC_23ae5/fast] Erreur 2

File /home/user/langage_avance/Projet_IN505/build/CMakeFiles/CMakeTmp/CheckSymbolExists.cxx:
/* */
#include <QtCore/qglobal.h>

int main(int argc, char** argv)
{
  (void)argv;
#ifndef Q_WS_MAC
  return ((int*)(&Q_WS_MAC))[argc];
#else
  (void)argc;
  return 0;
#endif
}

